/api/v1/componentstatuses/controller-manager:
/api/v1/componentstatuses/etcd-0:
/api/v1/componentstatuses/etcd-1:
/api/v1/componentstatuses/etcd-2:
/api/v1/componentstatuses/etcd-3:
/api/v1/componentstatuses/scheduler:
/api/v1/namespaces/default/endpoints/kubernetes:455057
/api/v1/namespaces/default/secrets/builder-dockercfg-99xvc:61976
/api/v1/namespaces/default/secrets/builder-token-cvzpr:22479
/api/v1/namespaces/default/secrets/builder-token-dx6vr:22102
/api/v1/namespaces/default/secrets/default-dockercfg-8vd79:61762
/api/v1/namespaces/default/secrets/default-token-dbbm4:22484
/api/v1/namespaces/default/secrets/default-token-rdnzl:22138
/api/v1/namespaces/default/secrets/deployer-dockercfg-5mvsc:61660
/api/v1/namespaces/default/secrets/deployer-token-27w9d:22850
/api/v1/namespaces/default/secrets/deployer-token-2vckh:22458
/api/v1/namespaces/default/serviceaccounts/builder:20151
/api/v1/namespaces/default/serviceaccounts/default:19104
/api/v1/namespaces/default/serviceaccounts/deployer:20160
/api/v1/namespaces/default/services/kubernetes:166
/api/v1/namespaces/default/services/openshift:27738
/api/v1/namespaces/default:15449
...